<?xml version="1.0" encoding="UTF-8"?>
<!-- Generated by org.testng.reporters.JUnitReportReporter -->
<testsuite ignored="2" hostname="DESKTOP-Q95TIQ7" failures="0" tests="1" name="ejemploAssertions.EjemploHardAssert" time="14.179" errors="0" timestamp="11 sept. 2021 16:07:02 GMT" skipped="0">
  <testcase classname="ejemploAssertions.EjemploHardAssert" name="TC_VerificarTituloDePagina" time="14.179"/>
  <testcase classname="ejemploAssertions.EjemploHardAssert" name="fassertEquals">
    <skipped/>
  </testcase> <!-- fassertEquals -->
  <testcase classname="ejemploAssertions.EjemploHardAssert" name="assertNotEquals">
    <skipped/>
  </testcase> <!-- assertNotEquals -->
</testsuite> <!-- ejemploAssertions.EjemploHardAssert -->
