<?xml version="1.0" encoding="UTF-8"?>
<!-- Generated by org.testng.reporters.JUnitReportReporter -->
<testsuite ignored="0" hostname="DESKTOP-Q95TIQ7" failures="0" tests="1" name="loginTests.TC_01" time="11.343" errors="0" timestamp="18 sept. 2021 16:43:30 GMT" skipped="0">
  <testcase classname="loginTests.TC_01" name="TC_01_CorrectLogin" time="11.343"/>
</testsuite> <!-- loginTests.TC_01 -->
