<?xml version="1.0" encoding="UTF-8"?>
<!-- Generated by org.testng.reporters.JUnitReportReporter -->
<testsuite ignored="0" hostname="DESKTOP-Q95TIQ7" failures="0" tests="1" name="loginTests.TC_02" time="9.921" errors="0" timestamp="18 sept. 2021 16:43:30 GMT" skipped="0">
  <testcase classname="loginTests.TC_02" name="TC_02_IncorrectLogin" time="9.921"/>
</testsuite> <!-- loginTests.TC_02 -->
