<?xml version="1.0" encoding="UTF-8"?>
<!-- Generated by org.testng.reporters.JUnitReportReporter -->
<testsuite ignored="0" hostname="DESKTOP-Q95TIQ7" failures="0" tests="1" name="NewTest" time="6.619" errors="0" timestamp="27 ago. 2021 02:01:29 GMT" skipped="0">
  <testcase classname="NewTest" name="f" time="6.619"/>
</testsuite> <!-- NewTest -->
